#! /usr/bin/vvp
:ivl_version "11.0 (stable)";
:ivl_delay_selection "TYPICAL";
:vpi_time_precision + 0;
:vpi_module "/usr/lib/x86_64-linux-gnu/ivl/system.vpi";
:vpi_module "/usr/lib/x86_64-linux-gnu/ivl/vhdl_sys.vpi";
:vpi_module "/usr/lib/x86_64-linux-gnu/ivl/vhdl_textio.vpi";
:vpi_module "/usr/lib/x86_64-linux-gnu/ivl/v2005_math.vpi";
:vpi_module "/usr/lib/x86_64-linux-gnu/ivl/va_math.vpi";
S_0x55a8179b81f0 .scope module, "taskTest" "taskTest" 2 1;
 .timescale 0 0;
v0x55a817a02e50_0 .var "x", 7 0;
v0x55a817a02f50_0 .var "y", 7 0;
v0x55a817a03030_0 .var "z", 15 0;
S_0x55a8179b8380 .scope task, "sum" "sum" 2 2, 2 2 0, S_0x55a8179b81f0;
 .timescale 0 0;
v0x55a8179b9770_0 .var "a", 7 0;
v0x55a8179b9bf0_0 .var "b", 7 0;
v0x55a8179ba000_0 .var "out", 15 0;
TD_taskTest.sum ;
    %load/vec4 v0x55a8179b9770_0;
    %pad/u 16;
    %load/vec4 v0x55a8179b9bf0_0;
    %pad/u 16;
    %add;
    %store/vec4 v0x55a8179ba000_0, 0, 16;
    %end;
    .scope S_0x55a8179b81f0;
T_1 ;
    %vpi_call 2 11 "$monitor", "%d + %d = %d %t", v0x55a817a02e50_0, v0x55a817a02f50_0, v0x55a817a03030_0, $time {0 0 0};
    %pushi/vec4 10, 0, 8;
    %store/vec4 v0x55a817a02e50_0, 0, 8;
    %pushi/vec4 10, 0, 8;
    %store/vec4 v0x55a817a02f50_0, 0, 8;
    %delay 10, 0;
    %load/vec4 v0x55a817a02e50_0;
    %store/vec4 v0x55a8179b9770_0, 0, 8;
    %load/vec4 v0x55a817a02f50_0;
    %store/vec4 v0x55a8179b9bf0_0, 0, 8;
    %fork TD_taskTest.sum, S_0x55a8179b8380;
    %join;
    %load/vec4 v0x55a8179ba000_0;
    %store/vec4 v0x55a817a03030_0, 0, 16;
    %pushi/vec4 5, 0, 8;
    %store/vec4 v0x55a817a02e50_0, 0, 8;
    %pushi/vec4 5, 0, 8;
    %store/vec4 v0x55a817a02f50_0, 0, 8;
    %delay 10, 0;
    %load/vec4 v0x55a817a02e50_0;
    %store/vec4 v0x55a8179b9770_0, 0, 8;
    %load/vec4 v0x55a817a02f50_0;
    %store/vec4 v0x55a8179b9bf0_0, 0, 8;
    %fork TD_taskTest.sum, S_0x55a8179b8380;
    %join;
    %load/vec4 v0x55a8179ba000_0;
    %store/vec4 v0x55a817a03030_0, 0, 16;
    %end;
    .thread T_1;
# The file index is used to find the file name in the following table.
:file_names 3;
    "N/A";
    "<interactive>";
    "task.v";
